<?xml version="1.0" encoding="UTF-8"?>
<testsuite name="Validar funcionameinto del Register User" tests="2" skipped="0" failures="0" errors="0" timestamp="2023-03-30T01:01:08" hostname="SSBOG5CG1097SR0" time="47.183">
  <properties/>
  <testcase name="Realizar registro de usuario con toda la infromaicon correcta" classname="Validar funcionameinto del Register User" time="35.703"/>
  <testcase name="Realizar registro de usuario con un correo que se encuentre registrado" classname="Validar funcionameinto del Register User" time="11.48"/>
  <system-out><![CDATA[]]></system-out>
  <system-err><![CDATA[Starting ChromeDriver 111.0.5563.64 (c710e93d5b63b7095afe8c2c17df34408078439d-refs/branch-heads/5563@{#995}) on port 30661
Only local connections are allowed.
Please see https://chromedriver.chromium.org/security-considerations for suggestions on keeping ChromeDriver safe.
ChromeDriver was started successfully.
mar 29, 2023 8:01:10 PM org.openqa.selenium.devtools.CdpVersionFinder findNearestMatch
ADVERTENCIA: Unable to find an exact match for CDP version 111, so returning the closest version found: 109
Starting ChromeDriver 111.0.5563.64 (c710e93d5b63b7095afe8c2c17df34408078439d-refs/branch-heads/5563@{#995}) on port 4020
Only local connections are allowed.
Please see https://chromedriver.chromium.org/security-considerations for suggestions on keeping ChromeDriver safe.
ChromeDriver was started successfully.
mar 29, 2023 8:01:46 PM org.openqa.selenium.devtools.CdpVersionFinder findNearestMatch
ADVERTENCIA: Unable to find an exact match for CDP version 111, so returning the closest version found: 109
]]></system-err>
</testsuite>
