<?xml version="1.0" encoding="UTF-8"?>
<testsuite name="Validar el funcionamiento del Login" tests="2" skipped="0" failures="0" errors="0" timestamp="2023-03-30T01:00:15" hostname="SSBOG5CG1097SR0" time="52.751">
  <properties/>
  <testcase name="Realizar Login de forma correcta en la pagina" classname="Validar el funcionamiento del Login" time="32.481"/>
  <testcase name="Realizar login con correo incorrecto" classname="Validar el funcionamiento del Login" time="20.27"/>
  <system-out><![CDATA[]]></system-out>
  <system-err><![CDATA[Starting ChromeDriver 111.0.5563.64 (c710e93d5b63b7095afe8c2c17df34408078439d-refs/branch-heads/5563@{#995}) on port 35981
Only local connections are allowed.
Please see https://chromedriver.chromium.org/security-considerations for suggestions on keeping ChromeDriver safe.
ChromeDriver was started successfully.
mar 29, 2023 8:00:20 PM org.openqa.selenium.devtools.CdpVersionFinder findNearestMatch
ADVERTENCIA: Unable to find an exact match for CDP version 111, so returning the closest version found: 109
Starting ChromeDriver 111.0.5563.64 (c710e93d5b63b7095afe8c2c17df34408078439d-refs/branch-heads/5563@{#995}) on port 44667
Only local connections are allowed.
Please see https://chromedriver.chromium.org/security-considerations for suggestions on keeping ChromeDriver safe.
ChromeDriver was started successfully.
mar 29, 2023 8:00:50 PM org.openqa.selenium.devtools.CdpVersionFinder findNearestMatch
ADVERTENCIA: Unable to find an exact match for CDP version 111, so returning the closest version found: 109
]]></system-err>
</testsuite>
