<?xml version="1.0" encoding="UTF-8"?>
<testsuite name="Validar el funcionamiento del Login" tests="1" skipped="0" failures="1" errors="0" timestamp="2023-03-30T01:38:16" hostname="SSBOG5CG1097SR0" time="18.297">
  <properties/>
  <testcase name="Realizar el Logaut de forma correcta en la pagina" classname="Validar el funcionamiento del Login" time="18.297">
    <failure message="io.cucumber.junit.UndefinedStepException: The step 'Realizo el login en la pagina con las credenciales correctas' and 1 other step(s) are undefined.&#10;You can implement these steps using the snippet(s) below:&#10;&#10;@When(&quot;Realizo el login en la pagina con las credenciales correctas&quot;)&#10;public void realizoElLoginEnLaPaginaConLasCredencialesCorrectas() {&#10;    // Write code here that turns the phrase above into concrete actions&#10;    throw new io.cucumber.java.PendingException();&#10;}&#10;@Then(&quot;Valido que permita realizar el logaut&quot;)&#10;public void validoQuePermitaRealizarElLogaut() {&#10;    // Write code here that turns the phrase above into concrete actions&#10;    throw new io.cucumber.java.PendingException();&#10;}&#10;" type="io.cucumber.junit.UndefinedStepException">io.cucumber.junit.UndefinedStepException: The step 'Realizo el login en la pagina con las credenciales correctas' and 1 other step(s) are undefined.
You can implement these steps using the snippet(s) below:

@When(&quot;Realizo el login en la pagina con las credenciales correctas&quot;)
public void realizoElLoginEnLaPaginaConLasCredencialesCorrectas() {
    // Write code here that turns the phrase above into concrete actions
    throw new io.cucumber.java.PendingException();
}
@Then(&quot;Valido que permita realizar el logaut&quot;)
public void validoQuePermitaRealizarElLogaut() {
    // Write code here that turns the phrase above into concrete actions
    throw new io.cucumber.java.PendingException();
}

</failure>
  </testcase>
  <system-out><![CDATA[]]></system-out>
  <system-err><![CDATA[Starting ChromeDriver 111.0.5563.64 (c710e93d5b63b7095afe8c2c17df34408078439d-refs/branch-heads/5563@{#995}) on port 34255
Only local connections are allowed.
Please see https://chromedriver.chromium.org/security-considerations for suggestions on keeping ChromeDriver safe.
ChromeDriver was started successfully.
mar 29, 2023 8:38:21 PM org.openqa.selenium.devtools.CdpVersionFinder findNearestMatch
ADVERTENCIA: Unable to find an exact match for CDP version 111, so returning the closest version found: 109
]]></system-err>
</testsuite>
