<?xml version="1.0" encoding="UTF-8"?>
<testsuite name="Validar el carge de forma correcta de las Paginas de la Web" tests="1" skipped="0" failures="1" errors="0" timestamp="2023-03-31T15:09:50" hostname="SSBOG5CG1097SR0" time="0.73">
  <properties/>
  <testcase name="Validar el funcionamiento de la pagina Contact Us Form" classname="Validar el carge de forma correcta de las Paginas de la Web" time="0.73">
    <failure message="io.cucumber.junit.UndefinedStepException: The step 'ingreso a la pagina que se empleara para pruebas opcion de Contact us' and 2 other step(s) are undefined.&#10;You can implement these steps using the snippet(s) below:&#10;&#10;@Given(&quot;ingreso a la pagina que se empleara para pruebas opcion de Contact us&quot;)&#10;public void ingresoALaPaginaQueSeEmplearaParaPruebasOpcionDeContactUs() {&#10;    // Write code here that turns the phrase above into concrete actions&#10;    throw new io.cucumber.java.PendingException();&#10;}&#10;@When(&quot;realizo la validacion de las funcionalidades de la pagina&quot;)&#10;public void realizoLaValidacionDeLasFuncionalidadesDeLaPagina() {&#10;    // Write code here that turns the phrase above into concrete actions&#10;    throw new io.cucumber.java.PendingException();&#10;}&#10;@Then(&quot;Verifico que no se presenten errores en el flujo&quot;)&#10;public void verificoQueNoSePresentenErroresEnElFlujo() {&#10;    // Write code here that turns the phrase above into concrete actions&#10;    throw new io.cucumber.java.PendingException();&#10;}&#10;" type="io.cucumber.junit.UndefinedStepException">io.cucumber.junit.UndefinedStepException: The step 'ingreso a la pagina que se empleara para pruebas opcion de Contact us' and 2 other step(s) are undefined.
You can implement these steps using the snippet(s) below:

@Given(&quot;ingreso a la pagina que se empleara para pruebas opcion de Contact us&quot;)
public void ingresoALaPaginaQueSeEmplearaParaPruebasOpcionDeContactUs() {
    // Write code here that turns the phrase above into concrete actions
    throw new io.cucumber.java.PendingException();
}
@When(&quot;realizo la validacion de las funcionalidades de la pagina&quot;)
public void realizoLaValidacionDeLasFuncionalidadesDeLaPagina() {
    // Write code here that turns the phrase above into concrete actions
    throw new io.cucumber.java.PendingException();
}
@Then(&quot;Verifico que no se presenten errores en el flujo&quot;)
public void verificoQueNoSePresentenErroresEnElFlujo() {
    // Write code here that turns the phrase above into concrete actions
    throw new io.cucumber.java.PendingException();
}

</failure>
  </testcase>
  <system-out><![CDATA[]]></system-out>
  <system-err><![CDATA[]]></system-err>
</testsuite>
