<?xml version="1.0" encoding="UTF-8"?>
<testsuite name="Validar el carge de forma correcta de las Paginas de la Web" tests="1" skipped="0" failures="0" errors="0" timestamp="2023-03-31T20:43:49" hostname="SSBOG5CG1097SR0" time="16.48">
  <properties/>
  <testcase name="Validar el funcionamiento de la pagina Contact Us Form" classname="Validar el carge de forma correcta de las Paginas de la Web" time="16.48"/>
  <system-out><![CDATA[]]></system-out>
  <system-err><![CDATA[Starting ChromeDriver 111.0.5563.64 (c710e93d5b63b7095afe8c2c17df34408078439d-refs/branch-heads/5563@{#995}) on port 6797
Only local connections are allowed.
Please see https://chromedriver.chromium.org/security-considerations for suggestions on keeping ChromeDriver safe.
ChromeDriver was started successfully.
mar 31, 2023 3:43:53 PM org.openqa.selenium.devtools.CdpVersionFinder findNearestMatch
ADVERTENCIA: Unable to find an exact match for CDP version 111, so returning the closest version found: 109
]]></system-err>
</testsuite>
